# JRE version: Java(TM) SE Runtime Environment (8.0_192-b12) (build 1.8.0_192-b12)
# Java VM: Java HotSpot(TM) 64-Bit Server VM (25.192-b12 mixed mode bsd-amd64 compressed oops)
Heap:
 PSYoungGen      total 210432K, used 18599K [0x0000000795580000, 0x00000007a5180000, 0x00000007c0000000)
  eden space 197632K, 3% used [0x0000000795580000,0x0000000795b68a40,0x00000007a1680000)
  from space 12800K, 98% used [0x00000007a3e00000,0x00000007a4a41588,0x00000007a4a80000)
  to   space 7168K, 0% used [0x00000007a4a80000,0x00000007a4a80000,0x00000007a5180000)
 ParOldGen       total 58880K, used 31456K [0x0000000740000000, 0x0000000743980000, 0x0000000795580000)
  object space 58880K, 53% used [0x0000000740000000,0x0000000741eb82b0,0x0000000743980000)
 Metaspace       used 22127K, capacity 22582K, committed 22784K, reserved 1069056K
  class space    used 3140K, capacity 3276K, committed 3328K, reserved 1048576K
GC Heap History (10 events):
Event: 284.411 GC heap before
{Heap before GC invocations=14 (full 3):
 PSYoungGen      total 252416K, used 240069K [0x0000000795580000, 0x00000007a6b00000, 0x00000007c0000000)
  eden space 243712K, 94% used [0x0000000795580000,0x00000007a377b2c0,0x00000007a4380000)
  from space 8704K, 99% used [0x00000007a6280000,0x00000007a6af62b0,0x00000007a6b00000)
  to   space 12288K, 0% used [0x00000007a5300000,0x00000007a5300000,0x00000007a5f00000)
 ParOldGen       total 58880K, used 16977K [0x0000000740000000, 0x0000000743980000, 0x0000000795580000)
  object space 58880K, 28% used [0x0000000740000000,0x0000000741094540,0x0000000743980000)
 Metaspace       used 21195K, capacity 21674K, committed 22016K, reserved 1069056K
  class space    used 3099K, capacity 3236K, committed 3328K, reserved 1048576K
Event: 284.418 GC heap after
Heap after GC invocations=14 (full 3):
 PSYoungGen      total 244736K, used 10832K [0x0000000795580000, 0x00000007a6300000, 0x00000007c0000000)
  eden space 233472K, 0% used [0x0000000795580000,0x0000000795580000,0x00000007a3980000)
  from space 11264K, 96% used [0x00000007a5300000,0x00000007a5d941d0,0x00000007a5e00000)
  to   space 5120K, 0% used [0x00000007a5e00000,0x00000007a5e00000,0x00000007a6300000)
 ParOldGen       total 58880K, used 16985K [0x0000000740000000, 0x0000000743980000, 0x0000000795580000)
  object space 58880K, 28% used [0x0000000740000000,0x0000000741096540,0x0000000743980000)
 Metaspace       used 21195K, capacity 21674K, committed 22016K, reserved 1069056K
  class space    used 3099K, capacity 3236K, committed 3328K, reserved 1048576K
}
Event: 480.478 GC heap before
{Heap before GC invocations=15 (full 3):
 PSYoungGen      total 244736K, used 243369K [0x0000000795580000, 0x00000007a6300000, 0x00000007c0000000)
  eden space 233472K, 99% used [0x0000000795580000,0x00000007a3896400,0x00000007a3980000)
  from space 11264K, 96% used [0x00000007a5300000,0x00000007a5d941d0,0x00000007a5e00000)
  to   space 5120K, 0% used [0x00000007a5e00000,0x00000007a5e00000,0x00000007a6300000)
 ParOldGen       total 58880K, used 16985K [0x0000000740000000, 0x0000000743980000, 0x0000000795580000)
  object space 58880K, 28% used [0x0000000740000000,0x0000000741096540,0x0000000743980000)
 Metaspace       used 21507K, capacity 21962K, committed 22272K, reserved 1069056K
  class space    used 3121K, capacity 3268K, committed 3328K, reserved 1048576K
Event: 480.486 GC heap after
Heap after GC invocations=15 (full 3):
 PSYoungGen      total 225792K, used 1671K [0x0000000795580000, 0x00000007a6000000, 0x00000007c0000000)
  eden space 223744K, 0% used [0x0000000795580000,0x0000000795580000,0x00000007a3000000)
  from space 2048K, 81% used [0x00000007a5e00000,0x00000007a5fa1f10,0x00000007a6000000)
  to   space 13824K, 0% used [0x00000007a4500000,0x00000007a4500000,0x00000007a5280000)
 ParOldGen       total 58880K, used 17522K [0x0000000740000000, 0x0000000743980000, 0x0000000795580000)
  object space 58880K, 29% used [0x0000000740000000,0x000000074111c810,0x0000000743980000)
 Metaspace       used 21507K, capacity 21962K, committed 22272K, reserved 1069056K
  class space    used 3121K, capacity 3268K, committed 3328K, reserved 1048576K
}
Event: 514.714 GC heap before
{Heap before GC invocations=16 (full 3):
 PSYoungGen      total 225792K, used 218320K [0x0000000795580000, 0x00000007a6000000, 0x00000007c0000000)
  eden space 223744K, 96% used [0x0000000795580000,0x00000007a29120f0,0x00000007a3000000)
  from space 2048K, 81% used [0x00000007a5e00000,0x00000007a5fa1f10,0x00000007a6000000)
  to   space 13824K, 0% used [0x00000007a4500000,0x00000007a4500000,0x00000007a5280000)
 ParOldGen       total 58880K, used 17522K [0x0000000740000000, 0x0000000743980000, 0x0000000795580000)
  object space 58880K, 29% used [0x0000000740000000,0x000000074111c810,0x0000000743980000)
 Metaspace       used 21531K, capacity 22026K, committed 22272K, reserved 1069056K
  class space    used 3121K, capacity 3268K, committed 3328K, reserved 1048576K
Event: 514.721 GC heap after
Heap after GC invocations=16 (full 3):
 PSYoungGen      total 223744K, used 8862K [0x0000000795580000, 0x00000007a5e80000, 0x00000007c0000000)
  eden space 214528K, 0% used [0x0000000795580000,0x0000000795580000,0x00000007a2700000)
  from space 9216K, 96% used [0x00000007a4500000,0x00000007a4da7968,0x00000007a4e00000)
  to   space 13824K, 0% used [0x00000007a5100000,0x00000007a5100000,0x00000007a5e80000)
 ParOldGen       total 58880K, used 17970K [0x0000000740000000, 0x0000000743980000, 0x0000000795580000)
  object space 58880K, 30% used [0x0000000740000000,0x000000074118c810,0x0000000743980000)
 Metaspace       used 21531K, capacity 22026K, committed 22272K, reserved 1069056K
  class space    used 3121K, capacity 3268K, committed 3328K, reserved 1048576K
}
Event: 835.206 GC heap before
{Heap before GC invocations=17 (full 3):
 PSYoungGen      total 223744K, used 218437K [0x0000000795580000, 0x00000007a5e80000, 0x00000007c0000000)
  eden space 214528K, 97% used [0x0000000795580000,0x00000007a2229cd8,0x00000007a2700000)
  from space 9216K, 96% used [0x00000007a4500000,0x00000007a4da7968,0x00000007a4e00000)
  to   space 13824K, 0% used [0x00000007a5100000,0x00000007a5100000,0x00000007a5e80000)
 ParOldGen       total 58880K, used 17970K [0x0000000740000000, 0x0000000743980000, 0x0000000795580000)
  object space 58880K, 30% used [0x0000000740000000,0x000000074118c810,0x0000000743980000)
 Metaspace       used 21578K, capacity 22034K, committed 22272K, reserved 1069056K
  class space    used 3123K, capacity 3270K, committed 3328K, reserved 1048576K
Event: 835.213 GC heap after
Heap after GC invocations=17 (full 3):
 PSYoungGen      total 215040K, used 9022K [0x0000000795580000, 0x00000007a5a00000, 0x00000007c0000000)
  eden space 205824K, 0% used [0x0000000795580000,0x0000000795580000,0x00000007a1e80000)
  from space 9216K, 97% used [0x00000007a5100000,0x00000007a59cf968,0x00000007a5a00000)
  to   space 14336K, 0% used [0x00000007a3e00000,0x00000007a3e00000,0x00000007a4c00000)
 ParOldGen       total 58880K, used 18034K [0x0000000740000000, 0x0000000743980000, 0x0000000795580000)
  object space 58880K, 30% used [0x0000000740000000,0x000000074119c810,0x0000000743980000)
 Metaspace       used 21578K, capacity 22034K, committed 22272K, reserved 1069056K
  class space    used 3123K, capacity 3270K, committed 3328K, reserved 1048576K
}
Event: 19408.936 GC heap before
{Heap before GC invocations=18 (full 3):
 PSYoungGen      total 215040K, used 214846K [0x0000000795580000, 0x00000007a5a00000, 0x00000007c0000000)
  eden space 205824K, 100% used [0x0000000795580000,0x00000007a1e80000,0x00000007a1e80000)
  from space 9216K, 97% used [0x00000007a5100000,0x00000007a59cf968,0x00000007a5a00000)
  to   space 14336K, 0% used [0x00000007a3e00000,0x00000007a3e00000,0x00000007a4c00000)
 ParOldGen       total 58880K, used 18034K [0x0000000740000000, 0x0000000743980000, 0x0000000795580000)
  object space 58880K, 30% used [0x0000000740000000,0x000000074119c810,0x0000000743980000)
 Metaspace       used 22127K, capacity 22582K, committed 22784K, reserved 1069056K
  class space    used 3140K, capacity 3276K, committed 3328K, reserved 1048576K
Event: 19408.996 GC heap after
Heap after GC invocations=18 (full 3):
 PSYoungGen      total 210432K, used 12549K [0x0000000795580000, 0x00000007a5180000, 0x00000007c0000000)
  eden space 197632K, 0% used [0x0000000795580000,0x0000000795580000,0x00000007a1680000)
  from space 12800K, 98% used [0x00000007a3e00000,0x00000007a4a41588,0x00000007a4a80000)
  to   space 7168K, 0% used [0x00000007a4a80000,0x00000007a4a80000,0x00000007a5180000)
 ParOldGen       total 58880K, used 31456K [0x0000000740000000, 0x0000000743980000, 0x0000000795580000)
  object space 58880K, 53% used [0x0000000740000000,0x0000000741eb82b0,0x0000000743980000)
 Metaspace       used 22127K, capacity 22582K, committed 22784K, reserved 1069056K
  class space    used 3140K, capacity 3276K, committed 3328K, reserved 1048576K
}

